<?xml version="1.0" encoding="UTF-8"?>
<testsuite xmlns:xsi="http://www.w3.org/2001/XMLSchema-instance" xsi:noNamespaceSchemaLocation="https://maven.apache.org/surefire/maven-surefire-plugin/xsd/surefire-test-report.xsd" version="3.0.2" name="it.uninsubria.laboratoriob.api.enums.CuisineTypeTest" time="0.384" tests="251" errors="0" skipped="0" failures="0">
  <properties>
[...]
</properties>
  <testcase name="testMajorCuisineTypes" classname="CuisineType Enum Tests" time="0.008"/>
  <testcase name="testToString" classname="CuisineType Enum Tests" time="0.002"/>
  <testcase name="testCuisineFromFile(String)[1]" classname="CuisineType Enum Tests" time="0.021"/>
  <testcase name="testCuisineFromFile(String)[2]" classname="CuisineType Enum Tests" time="0.001"/>
  <testcase name="testCuisineFromFile(String)[3]" classname="CuisineType Enum Tests" time="0.001"/>
  <testcase name="testCuisineFromFile(String)[4]" classname="CuisineType Enum Tests" time="0.001"/>
  <testcase name="testCuisineFromFile(String)[5]" classname="CuisineType Enum Tests" time="0.001"/>
  <testcase name="testCuisineFromFile(String)[6]" classname="CuisineType Enum Tests" time="0.001"/>
  <testcase name="testCuisineFromFile(String)[7]" classname="CuisineType Enum Tests" time="0.001"/>
  <testcase name="testCuisineFromFile(String)[8]" classname="CuisineType Enum Tests" time="0.001"/>
  <testcase name="testCuisineFromFile(String)[9]" classname="CuisineType Enum Tests" time="0.0"/>
  <testcase name="testCuisineFromFile(String)[10]" classname="CuisineType Enum Tests" time="0.001"/>
  <testcase name="testCuisineFromFile(String)[11]" classname="CuisineType Enum Tests" time="0.002"/>
  <testcase name="testCuisineFromFile(String)[12]" classname="CuisineType Enum Tests" time="0.001"/>
  <testcase name="testCuisineFromFile(String)[13]" classname="CuisineType Enum Tests" time="0.001"/>
  <testcase name="testCuisineFromFile(String)[14]" classname="CuisineType Enum Tests" time="0.001"/>
  <testcase name="testCuisineFromFile(String)[15]" classname="CuisineType Enum Tests" time="0.001"/>
  <testcase name="testCuisineFromFile(String)[16]" classname="CuisineType Enum Tests" time="0.001"/>
  <testcase name="testCuisineFromFile(String)[17]" classname="CuisineType Enum Tests" time="0.0"/>
  <testcase name="testCuisineFromFile(String)[18]" classname="CuisineType Enum Tests" time="0.001"/>
  <testcase name="testCuisineFromFile(String)[19]" classname="CuisineType Enum Tests" time="0.001"/>
  <testcase name="testCuisineFromFile(String)[20]" classname="CuisineType Enum Tests" time="0.001"/>
  <testcase name="testCuisineFromFile(String)[21]" classname="CuisineType Enum Tests" time="0.0"/>
  <testcase name="testCuisineFromFile(String)[22]" classname="CuisineType Enum Tests" time="0.001"/>
  <testcase name="testCuisineFromFile(String)[23]" classname="CuisineType Enum Tests" time="0.002"/>
  <testcase name="testCuisineFromFile(String)[24]" classname="CuisineType Enum Tests" time="0.001"/>
  <testcase name="testCuisineFromFile(String)[25]" classname="CuisineType Enum Tests" time="0.001"/>
  <testcase name="testCuisineFromFile(String)[26]" classname="CuisineType Enum Tests" time="0.0"/>
  <testcase name="testCuisineFromFile(String)[27]" classname="CuisineType Enum Tests" time="0.001"/>
  <testcase name="testCuisineFromFile(String)[28]" classname="CuisineType Enum Tests" time="0.0"/>
  <testcase name="testCuisineFromFile(String)[29]" classname="CuisineType Enum Tests" time="0.001"/>
  <testcase name="testCuisineFromFile(String)[30]" classname="CuisineType Enum Tests" time="0.001"/>
  <testcase name="testCuisineFromFile(String)[31]" classname="CuisineType Enum Tests" time="0.001"/>
  <testcase name="testCuisineFromFile(String)[32]" classname="CuisineType Enum Tests" time="0.0"/>
  <testcase name="testCuisineFromFile(String)[33]" classname="CuisineType Enum Tests" time="0.001"/>
  <testcase name="testCuisineFromFile(String)[34]" classname="CuisineType Enum Tests" time="0.001"/>
  <testcase name="testCuisineFromFile(String)[35]" classname="CuisineType Enum Tests" time="0.001"/>
  <testcase name="testCuisineFromFile(String)[36]" classname="CuisineType Enum Tests" time="0.001"/>
  <testcase name="testCuisineFromFile(String)[37]" classname="CuisineType Enum Tests" time="0.0"/>
  <testcase name="testCuisineFromFile(String)[38]" classname="CuisineType Enum Tests" time="0.001"/>
  <testcase name="testCuisineFromFile(String)[39]" classname="CuisineType Enum Tests" time="0.001"/>
  <testcase name="testCuisineFromFile(String)[40]" classname="CuisineType Enum Tests" time="0.0"/>
  <testcase name="testCuisineFromFile(String)[41]" classname="CuisineType Enum Tests" time="0.001"/>
  <testcase name="testCuisineFromFile(String)[42]" classname="CuisineType Enum Tests" time="0.0"/>
  <testcase name="testCuisineFromFile(String)[43]" classname="CuisineType Enum Tests" time="0.001"/>
  <testcase name="testCuisineFromFile(String)[44]" classname="CuisineType Enum Tests" time="0.001"/>
  <testcase name="testCuisineFromFile(String)[45]" classname="CuisineType Enum Tests" time="0.0"/>
  <testcase name="testCuisineFromFile(String)[46]" classname="CuisineType Enum Tests" time="0.002"/>
  <testcase name="testCuisineFromFile(String)[47]" classname="CuisineType Enum Tests" time="0.001"/>
  <testcase name="testCuisineFromFile(String)[48]" classname="CuisineType Enum Tests" time="0.001"/>
  <testcase name="testCuisineFromFile(String)[49]" classname="CuisineType Enum Tests" time="0.001"/>
  <testcase name="testCuisineFromFile(String)[50]" classname="CuisineType Enum Tests" time="0.001"/>
  <testcase name="testCuisineFromFile(String)[51]" classname="CuisineType Enum Tests" time="0.001"/>
  <testcase name="testCuisineFromFile(String)[52]" classname="CuisineType Enum Tests" time="0.0"/>
  <testcase name="testCuisineFromFile(String)[53]" classname="CuisineType Enum Tests" time="0.001"/>
  <testcase name="testCuisineFromFile(String)[54]" classname="CuisineType Enum Tests" time="0.0"/>
  <testcase name="testCuisineFromFile(String)[55]" classname="CuisineType Enum Tests" time="0.001"/>
  <testcase name="testCuisineFromFile(String)[56]" classname="CuisineType Enum Tests" time="0.001"/>
  <testcase name="testCuisineFromFile(String)[57]" classname="CuisineType Enum Tests" time="0.001"/>
  <testcase name="testCuisineFromFile(String)[58]" classname="CuisineType Enum Tests" time="0.001"/>
  <testcase name="testCuisineFromFile(String)[59]" classname="CuisineType Enum Tests" time="0.001"/>
  <testcase name="testCuisineFromFile(String)[60]" classname="CuisineType Enum Tests" time="0.0"/>
  <testcase name="testCuisineFromFile(String)[61]" classname="CuisineType Enum Tests" time="0.0"/>
  <testcase name="testCuisineFromFile(String)[62]" classname="CuisineType Enum Tests" time="0.001"/>
  <testcase name="testCuisineFromFile(String)[63]" classname="CuisineType Enum Tests" time="0.0"/>
  <testcase name="testCuisineFromFile(String)[64]" classname="CuisineType Enum Tests" time="0.0"/>
  <testcase name="testCuisineFromFile(String)[65]" classname="CuisineType Enum Tests" time="0.001"/>
  <testcase name="testCuisineFromFile(String)[66]" classname="CuisineType Enum Tests" time="0.0"/>
  <testcase name="testCuisineFromFile(String)[67]" classname="CuisineType Enum Tests" time="0.002"/>
  <testcase name="testCuisineFromFile(String)[68]" classname="CuisineType Enum Tests" time="0.001"/>
  <testcase name="testCuisineFromFile(String)[69]" classname="CuisineType Enum Tests" time="0.001"/>
  <testcase name="testCuisineFromFile(String)[70]" classname="CuisineType Enum Tests" time="0.001"/>
  <testcase name="testCuisineFromFile(String)[71]" classname="CuisineType Enum Tests" time="0.001"/>
  <testcase name="testCuisineFromFile(String)[72]" classname="CuisineType Enum Tests" time="0.0"/>
  <testcase name="testCuisineFromFile(String)[73]" classname="CuisineType Enum Tests" time="0.001"/>
  <testcase name="testCuisineFromFile(String)[74]" classname="CuisineType Enum Tests" time="0.0"/>
  <testcase name="testCuisineFromFile(String)[75]" classname="CuisineType Enum Tests" time="0.0"/>
  <testcase name="testCuisineFromFile(String)[76]" classname="CuisineType Enum Tests" time="0.0"/>
  <testcase name="testCuisineFromFile(String)[77]" classname="CuisineType Enum Tests" time="0.0"/>
  <testcase name="testCuisineFromFile(String)[78]" classname="CuisineType Enum Tests" time="0.001"/>
  <testcase name="testCuisineFromFile(String)[79]" classname="CuisineType Enum Tests" time="0.0"/>
  <testcase name="testCuisineFromFile(String)[80]" classname="CuisineType Enum Tests" time="0.0"/>
  <testcase name="testCuisineFromFile(String)[81]" classname="CuisineType Enum Tests" time="0.0"/>
  <testcase name="testCuisineFromFile(String)[82]" classname="CuisineType Enum Tests" time="0.002"/>
  <testcase name="testCuisineFromFile(String)[83]" classname="CuisineType Enum Tests" time="0.0"/>
  <testcase name="testCuisineFromFile(String)[84]" classname="CuisineType Enum Tests" time="0.001"/>
  <testcase name="testCuisineFromFile(String)[85]" classname="CuisineType Enum Tests" time="0.0"/>
  <testcase name="testCuisineFromFile(String)[86]" classname="CuisineType Enum Tests" time="0.001"/>
  <testcase name="testCuisineFromFile(String)[87]" classname="CuisineType Enum Tests" time="0.001"/>
  <testcase name="testCuisineFromFile(String)[88]" classname="CuisineType Enum Tests" time="0.001"/>
  <testcase name="testCuisineFromFile(String)[89]" classname="CuisineType Enum Tests" time="0.0"/>
  <testcase name="testCuisineFromFile(String)[90]" classname="CuisineType Enum Tests" time="0.0"/>
  <testcase name="testCuisineFromFile(String)[91]" classname="CuisineType Enum Tests" time="0.0"/>
  <testcase name="testCuisineFromFile(String)[92]" classname="CuisineType Enum Tests" time="0.0"/>
  <testcase name="testCuisineFromFile(String)[93]" classname="CuisineType Enum Tests" time="0.001"/>
  <testcase name="testCuisineFromFile(String)[94]" classname="CuisineType Enum Tests" time="0.001"/>
  <testcase name="testCuisineFromFile(String)[95]" classname="CuisineType Enum Tests" time="0.0"/>
  <testcase name="testCuisineFromFile(String)[96]" classname="CuisineType Enum Tests" time="0.001"/>
  <testcase name="testCuisineFromFile(String)[97]" classname="CuisineType Enum Tests" time="0.001"/>
  <testcase name="testCuisineFromFile(String)[98]" classname="CuisineType Enum Tests" time="0.001"/>
  <testcase name="testCuisineFromFile(String)[99]" classname="CuisineType Enum Tests" time="0.0"/>
  <testcase name="testCuisineFromFile(String)[100]" classname="CuisineType Enum Tests" time="0.0"/>
  <testcase name="testCuisineFromFile(String)[101]" classname="CuisineType Enum Tests" time="0.0"/>
  <testcase name="testCuisineFromFile(String)[102]" classname="CuisineType Enum Tests" time="0.001"/>
  <testcase name="testCuisineFromFile(String)[103]" classname="CuisineType Enum Tests" time="0.001"/>
  <testcase name="testCuisineFromFile(String)[104]" classname="CuisineType Enum Tests" time="0.0"/>
  <testcase name="testCuisineFromFile(String)[105]" classname="CuisineType Enum Tests" time="0.0"/>
  <testcase name="testCuisineFromFile(String)[106]" classname="CuisineType Enum Tests" time="0.001"/>
  <testcase name="testCuisineFromFile(String)[107]" classname="CuisineType Enum Tests" time="0.001"/>
  <testcase name="testCuisineFromFile(String)[108]" classname="CuisineType Enum Tests" time="0.0"/>
  <testcase name="testCuisineFromFile(String)[109]" classname="CuisineType Enum Tests" time="0.001"/>
  <testcase name="testCuisineFromFile(String)[110]" classname="CuisineType Enum Tests" time="0.0"/>
  <testcase name="testCuisineFromFile(String)[111]" classname="CuisineType Enum Tests" time="0.0"/>
  <testcase name="testCuisineFromFile(String)[112]" classname="CuisineType Enum Tests" time="0.0"/>
  <testcase name="testCuisineFromFile(String)[113]" classname="CuisineType Enum Tests" time="0.001"/>
  <testcase name="testCuisineFromFile(String)[114]" classname="CuisineType Enum Tests" time="0.001"/>
  <testcase name="testCuisineFromFile(String)[115]" classname="CuisineType Enum Tests" time="0.001"/>
  <testcase name="testCuisineFromFile(String)[116]" classname="CuisineType Enum Tests" time="0.001"/>
  <testcase name="testCuisineFromFile(String)[117]" classname="CuisineType Enum Tests" time="0.001"/>
  <testcase name="testCuisineFromFile(String)[118]" classname="CuisineType Enum Tests" time="0.001"/>
  <testcase name="testCuisineFromFile(String)[119]" classname="CuisineType Enum Tests" time="0.0"/>
  <testcase name="testCuisineFromFile(String)[120]" classname="CuisineType Enum Tests" time="0.0"/>
  <testcase name="testCuisineFromFile(String)[121]" classname="CuisineType Enum Tests" time="0.0"/>
  <testcase name="testCuisineFromFile(String)[122]" classname="CuisineType Enum Tests" time="0.0"/>
  <testcase name="testCuisineFromFile(String)[123]" classname="CuisineType Enum Tests" time="0.0"/>
  <testcase name="testCuisineFromFile(String)[124]" classname="CuisineType Enum Tests" time="0.0"/>
  <testcase name="testCuisineFromFile(String)[125]" classname="CuisineType Enum Tests" time="0.001"/>
  <testcase name="testCuisineFromFile(String)[126]" classname="CuisineType Enum Tests" time="0.0"/>
  <testcase name="testCuisineFromFile(String)[127]" classname="CuisineType Enum Tests" time="0.001"/>
  <testcase name="testCuisineFromFile(String)[128]" classname="CuisineType Enum Tests" time="0.001"/>
  <testcase name="testCuisineFromFile(String)[129]" classname="CuisineType Enum Tests" time="0.001"/>
  <testcase name="testCuisineFromFile(String)[130]" classname="CuisineType Enum Tests" time="0.001"/>
  <testcase name="testCuisineFromFile(String)[131]" classname="CuisineType Enum Tests" time="0.0"/>
  <testcase name="testCuisineFromFile(String)[132]" classname="CuisineType Enum Tests" time="0.0"/>
  <testcase name="testCuisineFromFile(String)[133]" classname="CuisineType Enum Tests" time="0.001"/>
  <testcase name="testCuisineFromFile(String)[134]" classname="CuisineType Enum Tests" time="0.001"/>
  <testcase name="testCuisineFromFile(String)[135]" classname="CuisineType Enum Tests" time="0.001"/>
  <testcase name="testCuisineFromFile(String)[136]" classname="CuisineType Enum Tests" time="0.0"/>
  <testcase name="testCuisineFromFile(String)[137]" classname="CuisineType Enum Tests" time="0.001"/>
  <testcase name="testCuisineFromFile(String)[138]" classname="CuisineType Enum Tests" time="0.001"/>
  <testcase name="testCuisineFromFile(String)[139]" classname="CuisineType Enum Tests" time="0.0"/>
  <testcase name="testCuisineFromFile(String)[140]" classname="CuisineType Enum Tests" time="0.0"/>
  <testcase name="testCuisineFromFile(String)[141]" classname="CuisineType Enum Tests" time="0.0"/>
  <testcase name="testCuisineFromFile(String)[142]" classname="CuisineType Enum Tests" time="0.0"/>
  <testcase name="testCuisineFromFile(String)[143]" classname="CuisineType Enum Tests" time="0.001"/>
  <testcase name="testCuisineFromFile(String)[144]" classname="CuisineType Enum Tests" time="0.0"/>
  <testcase name="testCuisineFromFile(String)[145]" classname="CuisineType Enum Tests" time="0.0"/>
  <testcase name="testCuisineFromFile(String)[146]" classname="CuisineType Enum Tests" time="0.0"/>
  <testcase name="testCuisineFromFile(String)[147]" classname="CuisineType Enum Tests" time="0.0"/>
  <testcase name="testCuisineFromFile(String)[148]" classname="CuisineType Enum Tests" time="0.0"/>
  <testcase name="testCuisineFromFile(String)[149]" classname="CuisineType Enum Tests" time="0.0"/>
  <testcase name="testCuisineFromFile(String)[150]" classname="CuisineType Enum Tests" time="0.0"/>
  <testcase name="testCuisineFromFile(String)[151]" classname="CuisineType Enum Tests" time="0.0"/>
  <testcase name="testCuisineFromFile(String)[152]" classname="CuisineType Enum Tests" time="0.0"/>
  <testcase name="testCuisineFromFile(String)[153]" classname="CuisineType Enum Tests" time="0.0"/>
  <testcase name="testCuisineFromFile(String)[154]" classname="CuisineType Enum Tests" time="0.0"/>
  <testcase name="testCuisineFromFile(String)[155]" classname="CuisineType Enum Tests" time="0.0"/>
  <testcase name="testCuisineFromFile(String)[156]" classname="CuisineType Enum Tests" time="0.0"/>
  <testcase name="testCuisineFromFile(String)[157]" classname="CuisineType Enum Tests" time="0.002"/>
  <testcase name="testCuisineFromFile(String)[158]" classname="CuisineType Enum Tests" time="0.001"/>
  <testcase name="testCuisineFromFile(String)[159]" classname="CuisineType Enum Tests" time="0.001"/>
  <testcase name="testCuisineFromFile(String)[160]" classname="CuisineType Enum Tests" time="0.001"/>
  <testcase name="testCuisineFromFile(String)[161]" classname="CuisineType Enum Tests" time="0.001"/>
  <testcase name="testCuisineFromFile(String)[162]" classname="CuisineType Enum Tests" time="0.001"/>
  <testcase name="testCuisineFromFile(String)[163]" classname="CuisineType Enum Tests" time="0.0"/>
  <testcase name="testCuisineFromFile(String)[164]" classname="CuisineType Enum Tests" time="0.001"/>
  <testcase name="testCuisineFromFile(String)[165]" classname="CuisineType Enum Tests" time="0.002"/>
  <testcase name="testCuisineFromFile(String)[166]" classname="CuisineType Enum Tests" time="0.0"/>
  <testcase name="testCuisineFromFile(String)[167]" classname="CuisineType Enum Tests" time="0.001"/>
  <testcase name="testCuisineFromFile(String)[168]" classname="CuisineType Enum Tests" time="0.0"/>
  <testcase name="testCuisineFromFile(String)[169]" classname="CuisineType Enum Tests" time="0.001"/>
  <testcase name="testCuisineFromFile(String)[170]" classname="CuisineType Enum Tests" time="0.001"/>
  <testcase name="testCuisineFromFile(String)[171]" classname="CuisineType Enum Tests" time="0.001"/>
  <testcase name="testCuisineFromFile(String)[172]" classname="CuisineType Enum Tests" time="0.0"/>
  <testcase name="testCuisineFromFile(String)[173]" classname="CuisineType Enum Tests" time="0.0"/>
  <testcase name="testCuisineFromFile(String)[174]" classname="CuisineType Enum Tests" time="0.0"/>
  <testcase name="testCuisineFromFile(String)[175]" classname="CuisineType Enum Tests" time="0.0"/>
  <testcase name="testCuisineFromFile(String)[176]" classname="CuisineType Enum Tests" time="0.0"/>
  <testcase name="testCuisineFromFile(String)[177]" classname="CuisineType Enum Tests" time="0.0"/>
  <testcase name="testCuisineFromFile(String)[178]" classname="CuisineType Enum Tests" time="0.0"/>
  <testcase name="testCuisineFromFile(String)[179]" classname="CuisineType Enum Tests" time="0.001"/>
  <testcase name="testCuisineFromFile(String)[180]" classname="CuisineType Enum Tests" time="0.001"/>
  <testcase name="testCuisineFromFile(String)[181]" classname="CuisineType Enum Tests" time="0.001"/>
  <testcase name="testCuisineFromFile(String)[182]" classname="CuisineType Enum Tests" time="0.001"/>
  <testcase name="testCuisineFromFile(String)[183]" classname="CuisineType Enum Tests" time="0.001"/>
  <testcase name="testCuisineFromFile(String)[184]" classname="CuisineType Enum Tests" time="0.0"/>
  <testcase name="testCuisineFromFile(String)[185]" classname="CuisineType Enum Tests" time="0.0"/>
  <testcase name="testCuisineFromFile(String)[186]" classname="CuisineType Enum Tests" time="0.0"/>
  <testcase name="testCuisineFromFile(String)[187]" classname="CuisineType Enum Tests" time="0.0"/>
  <testcase name="testCuisineFromFile(String)[188]" classname="CuisineType Enum Tests" time="0.0"/>
  <testcase name="testCuisineFromFile(String)[189]" classname="CuisineType Enum Tests" time="0.0"/>
  <testcase name="testCuisineFromFile(String)[190]" classname="CuisineType Enum Tests" time="0.0"/>
  <testcase name="testCuisineFromFile(String)[191]" classname="CuisineType Enum Tests" time="0.002"/>
  <testcase name="testCuisineFromFile(String)[192]" classname="CuisineType Enum Tests" time="0.0"/>
  <testcase name="testCuisineFromFile(String)[193]" classname="CuisineType Enum Tests" time="0.0"/>
  <testcase name="testCuisineFromFile(String)[194]" classname="CuisineType Enum Tests" time="0.0"/>
  <testcase name="testCuisineFromFile(String)[195]" classname="CuisineType Enum Tests" time="0.0"/>
  <testcase name="testCuisineFromFile(String)[196]" classname="CuisineType Enum Tests" time="0.0"/>
  <testcase name="testCuisineFromFile(String)[197]" classname="CuisineType Enum Tests" time="0.001"/>
  <testcase name="testCuisineFromFile(String)[198]" classname="CuisineType Enum Tests" time="0.0"/>
  <testcase name="testCuisineFromFile(String)[199]" classname="CuisineType Enum Tests" time="0.001"/>
  <testcase name="testCuisineFromFile(String)[200]" classname="CuisineType Enum Tests" time="0.0"/>
  <testcase name="testCuisineFromFile(String)[201]" classname="CuisineType Enum Tests" time="0.0"/>
  <testcase name="testCuisineFromFile(String)[202]" classname="CuisineType Enum Tests" time="0.001"/>
  <testcase name="testCuisineFromFile(String)[203]" classname="CuisineType Enum Tests" time="0.0"/>
  <testcase name="testCuisineFromFile(String)[204]" classname="CuisineType Enum Tests" time="0.001"/>
  <testcase name="testCuisineFromFile(String)[205]" classname="CuisineType Enum Tests" time="0.0"/>
  <testcase name="testCuisineFromFile(String)[206]" classname="CuisineType Enum Tests" time="0.0"/>
  <testcase name="testCuisineFromFile(String)[207]" classname="CuisineType Enum Tests" time="0.0"/>
  <testcase name="testCuisineFromFile(String)[208]" classname="CuisineType Enum Tests" time="0.0"/>
  <testcase name="testCuisineFromFile(String)[209]" classname="CuisineType Enum Tests" time="0.001"/>
  <testcase name="testCuisineFromFile(String)[210]" classname="CuisineType Enum Tests" time="0.0"/>
  <testcase name="testCuisineFromFile(String)[211]" classname="CuisineType Enum Tests" time="0.001"/>
  <testcase name="testCuisineFromFile(String)[212]" classname="CuisineType Enum Tests" time="0.0"/>
  <testcase name="testCuisineFromFile(String)[213]" classname="CuisineType Enum Tests" time="0.001"/>
  <testcase name="testCuisineFromFile(String)[214]" classname="CuisineType Enum Tests" time="0.0"/>
  <testcase name="testCuisineFromFile(String)[215]" classname="CuisineType Enum Tests" time="0.0"/>
  <testcase name="testCuisineFromFile(String)[216]" classname="CuisineType Enum Tests" time="0.0"/>
  <testcase name="testCuisineFromFile(String)[217]" classname="CuisineType Enum Tests" time="0.001"/>
  <testcase name="testCuisineFromFile(String)[218]" classname="CuisineType Enum Tests" time="0.0"/>
  <testcase name="testCuisineFromFile(String)[219]" classname="CuisineType Enum Tests" time="0.001"/>
  <testcase name="testCuisineFromFile(String)[220]" classname="CuisineType Enum Tests" time="0.0"/>
  <testcase name="testCuisineFromFile(String)[221]" classname="CuisineType Enum Tests" time="0.0"/>
  <testcase name="testCuisineFromFile(String)[222]" classname="CuisineType Enum Tests" time="0.001"/>
  <testcase name="testCuisineFromFile(String)[223]" classname="CuisineType Enum Tests" time="0.0"/>
  <testcase name="testCuisineFromFile(String)[224]" classname="CuisineType Enum Tests" time="0.0"/>
  <testcase name="testCuisineFromFile(String)[225]" classname="CuisineType Enum Tests" time="0.0"/>
  <testcase name="testCuisineFromFile(String)[226]" classname="CuisineType Enum Tests" time="0.0"/>
  <testcase name="testCuisineFromFile(String)[227]" classname="CuisineType Enum Tests" time="0.0"/>
  <testcase name="testCuisineFromFile(String)[228]" classname="CuisineType Enum Tests" time="0.0"/>
  <testcase name="testCuisineFromFile(String)[229]" classname="CuisineType Enum Tests" time="0.0"/>
  <testcase name="testCuisineFromFile(String)[230]" classname="CuisineType Enum Tests" time="0.001"/>
  <testcase name="testCuisineFromFile(String)[231]" classname="CuisineType Enum Tests" time="0.0"/>
  <testcase name="testCuisineFromFile(String)[232]" classname="CuisineType Enum Tests" time="0.001"/>
  <testcase name="testCuisineFromFile(String)[233]" classname="CuisineType Enum Tests" time="0.0"/>
  <testcase name="testCuisineFromFile(String)[234]" classname="CuisineType Enum Tests" time="0.001"/>
  <testcase name="testCuisineFromFile(String)[235]" classname="CuisineType Enum Tests" time="0.0"/>
  <testcase name="testCuisineFromFile(String)[236]" classname="CuisineType Enum Tests" time="0.001"/>
  <testcase name="testCuisineFromFile(String)[237]" classname="CuisineType Enum Tests" time="0.0"/>
  <testcase name="testCuisineFromFile(String)[238]" classname="CuisineType Enum Tests" time="0.0"/>
  <testcase name="testCuisineFromFile(String)[239]" classname="CuisineType Enum Tests" time="0.0"/>
  <testcase name="testCuisineFromFile(String)[240]" classname="CuisineType Enum Tests" time="0.0"/>
  <testcase name="testCuisineFromFile(String)[241]" classname="CuisineType Enum Tests" time="0.0"/>
  <testcase name="testCuisineFromFile(String)[242]" classname="CuisineType Enum Tests" time="0.0"/>
  <testcase name="testCuisineFromFile(String)[243]" classname="CuisineType Enum Tests" time="0.0"/>
  <testcase name="testCuisineFromFile(String)[244]" classname="CuisineType Enum Tests" time="0.001"/>
  <testcase name="testCuisineFromFile(String)[245]" classname="CuisineType Enum Tests" time="0.0"/>
  <testcase name="testCuisineFromFile(String)[246]" classname="CuisineType Enum Tests" time="0.0"/>
  <testcase name="testCuisineFromFile(String)[247]" classname="CuisineType Enum Tests" time="0.001"/>
  <testcase name="testCuisineFromFile(String)[248]" classname="CuisineType Enum Tests" time="0.0"/>
  <testcase name="testCuisineFromFile(String)[249]" classname="CuisineType Enum Tests" time="0.0"/>
</testsuite>